2025/09/06 06:55:06 [warning] [application] Failed to set unsafe attribute "repeat_password" of "Users".
in E:\yii-employeedirectry\protected\controllers\SiteController.php (113)
in E:\yii-employeedirectry\index.php (13)
2025/09/06 06:55:26 [error] [exception.CException] CException: Property "Users.is_admin" is not defined. in C:\yii-1.1.18\framework\base\CComponent.php:130
Stack trace:
#0 C:\yii-1.1.18\framework\db\ar\CActiveRecord.php(145): CComponent->__get()
#1 E:\yii-employeedirectry\protected\components\UserIdentity.php(45): CActiveRecord->__get()
#2 E:\yii-employeedirectry\protected\models\LoginForm.php(62): UserIdentity->authenticate()
#3 C:\yii-1.1.18\framework\validators\CInlineValidator.php(42): LoginForm->authenticate()
#4 C:\yii-1.1.18\framework\validators\CValidator.php(201): CInlineValidator->validateAttribute()
#5 C:\yii-1.1.18\framework\base\CModel.php(159): CValidator->validate()
#6 E:\yii-employeedirectry\protected\controllers\SiteController.php(98): CModel->validate()
#7 C:\yii-1.1.18\framework\web\actions\CInlineAction.php(49): SiteController->actionLogin()
#8 C:\yii-1.1.18\framework\web\CController.php(308): CInlineAction->runWithParams()
#9 C:\yii-1.1.18\framework\web\CController.php(286): CController->runAction()
#10 C:\yii-1.1.18\framework\web\CController.php(265): CController->runActionWithFilters()
#11 C:\yii-1.1.18\framework\web\CWebApplication.php(282): CController->run()
#12 C:\yii-1.1.18\framework\web\CWebApplication.php(141): CWebApplication->runController()
#13 C:\yii-1.1.18\framework\base\CApplication.php(185): CWebApplication->processRequest()
#14 E:\yii-employeedirectry\index.php(13): CApplication->run()
#15 {main}
REQUEST_URI=/index.php?r=site/login
HTTP_REFERER=http://localhost:8080/index.php?r=site/login
---
2025/09/06 07:00:18 [error] [exception.CHttpException.404] CHttpException: Unable to resolve the request "user/admin". in C:\yii-1.1.18\framework\web\CWebApplication.php:286
Stack trace:
#0 C:\yii-1.1.18\framework\web\CWebApplication.php(141): CWebApplication->runController()
#1 C:\yii-1.1.18\framework\base\CApplication.php(185): CWebApplication->processRequest()
#2 E:\yii-employeedirectry\index.php(13): CApplication->run()
#3 {main}
REQUEST_URI=/index.php?r=user/admin
HTTP_REFERER=http://localhost:8080/index.php?r=department/admin
---
2025/09/06 07:04:53 [error] [exception.CException] CException: Property "Employee.Status" is not defined. in C:\yii-1.1.18\framework\base\CComponent.php:130
Stack trace:
#0 C:\yii-1.1.18\framework\db\ar\CActiveRecord.php(145): CComponent->__get()
#1 C:\yii-1.1.18\framework\web\helpers\CHtml.php(2747): CActiveRecord->__get()
#2 C:\yii-1.1.18\framework\web\helpers\CHtml.php(2470): CHtml::resolveValue()
#3 C:\yii-1.1.18\framework\web\helpers\CHtml.php(1540): CHtml::activeInputField()
#4 C:\yii-1.1.18\framework\zii\widgets\grid\CDataColumn.php(104): CHtml::activeTextField()
#5 C:\yii-1.1.18\framework\zii\widgets\grid\CGridColumn.php(253): CDataColumn->getFilterCellContent()
#6 C:\yii-1.1.18\framework\zii\widgets\grid\CGridColumn.php(119): CGridColumn->renderFilterCellContent()
#7 C:\yii-1.1.18\framework\zii\widgets\grid\CGridView.php(539): CGridColumn->renderFilterCell()
#8 C:\yii-1.1.18\framework\zii\widgets\grid\CGridView.php(517): CGridView->renderFilter()
#9 C:\yii-1.1.18\framework\zii\widgets\grid\CGridView.php(487): CGridView->renderTableHeader()
#10 C:\yii-1.1.18\framework\zii\widgets\CBaseListView.php(181): CGridView->renderItems()
#11 [internal function]: CBaseListView->renderSection()
#12 C:\yii-1.1.18\framework\zii\widgets\CBaseListView.php(164): preg_replace_callback()
#13 C:\yii-1.1.18\framework\zii\widgets\CBaseListView.php(149): CBaseListView->renderContent()
#14 C:\yii-1.1.18\framework\web\CBaseController.php(182): CBaseListView->run()
#15 E:\yii-employeedirectry\protected\views\employee\admin.php(44): CBaseController->widget()
#16 C:\yii-1.1.18\framework\web\CBaseController.php(126): require('E:\\yii-employee...')
#17 C:\yii-1.1.18\framework\web\CBaseController.php(95): CBaseController->renderInternal()
#18 C:\yii-1.1.18\framework\web\CController.php(872): CBaseController->renderFile()
#19 C:\yii-1.1.18\framework\web\CController.php(785): CController->renderPartial()
#20 E:\yii-employeedirectry\protected\controllers\EmployeeController.php(142): CController->render()
#21 C:\yii-1.1.18\framework\web\actions\CInlineAction.php(49): EmployeeController->actionAdmin()
#22 C:\yii-1.1.18\framework\web\CController.php(308): CInlineAction->runWithParams()
#23 C:\yii-1.1.18\framework\web\filters\CFilterChain.php(134): CController->runAction()
#24 C:\yii-1.1.18\framework\web\filters\CFilter.php(40): CFilterChain->run()
#25 C:\yii-1.1.18\framework\web\CController.php(1148): CFilter->filter()
#26 C:\yii-1.1.18\framework\web\filters\CInlineFilter.php(58): CController->filterAccessControl()
#27 C:\yii-1.1.18\framework\web\filters\CFilterChain.php(131): CInlineFilter->filter()
#28 C:\yii-1.1.18\framework\web\CController.php(291): CFilterChain->run()
#29 C:\yii-1.1.18\framework\web\CController.php(265): CController->runActionWithFilters()
#30 C:\yii-1.1.18\framework\web\CWebApplication.php(282): CController->run()
#31 C:\yii-1.1.18\framework\web\CWebApplication.php(141): CWebApplication->runController()
#32 C:\yii-1.1.18\framework\base\CApplication.php(185): CWebApplication->processRequest()
#33 E:\yii-employeedirectry\index.php(13): CApplication->run()
#34 {main}
REQUEST_URI=/index.php?r=employee/admin
HTTP_REFERER=http://localhost:8080/index.php?r=department/admin
---
2025/09/06 07:05:54 [error] [exception.CException] CException: Property "Employee.Status" is not defined. in C:\yii-1.1.18\framework\base\CComponent.php:130
Stack trace:
#0 C:\yii-1.1.18\framework\db\ar\CActiveRecord.php(145): CComponent->__get()
#1 C:\yii-1.1.18\framework\web\helpers\CHtml.php(2747): CActiveRecord->__get()
#2 C:\yii-1.1.18\framework\web\helpers\CHtml.php(2470): CHtml::resolveValue()
#3 C:\yii-1.1.18\framework\web\helpers\CHtml.php(1540): CHtml::activeInputField()
#4 C:\yii-1.1.18\framework\zii\widgets\grid\CDataColumn.php(104): CHtml::activeTextField()
#5 C:\yii-1.1.18\framework\zii\widgets\grid\CGridColumn.php(253): CDataColumn->getFilterCellContent()
#6 C:\yii-1.1.18\framework\zii\widgets\grid\CGridColumn.php(119): CGridColumn->renderFilterCellContent()
#7 C:\yii-1.1.18\framework\zii\widgets\grid\CGridView.php(539): CGridColumn->renderFilterCell()
#8 C:\yii-1.1.18\framework\zii\widgets\grid\CGridView.php(517): CGridView->renderFilter()
#9 C:\yii-1.1.18\framework\zii\widgets\grid\CGridView.php(487): CGridView->renderTableHeader()
#10 C:\yii-1.1.18\framework\zii\widgets\CBaseListView.php(181): CGridView->renderItems()
#11 [internal function]: CBaseListView->renderSection()
#12 C:\yii-1.1.18\framework\zii\widgets\CBaseListView.php(164): preg_replace_callback()
#13 C:\yii-1.1.18\framework\zii\widgets\CBaseListView.php(149): CBaseListView->renderContent()
#14 C:\yii-1.1.18\framework\web\CBaseController.php(182): CBaseListView->run()
#15 E:\yii-employeedirectry\protected\views\employee\admin.php(44): CBaseController->widget()
#16 C:\yii-1.1.18\framework\web\CBaseController.php(126): require('E:\\yii-employee...')
#17 C:\yii-1.1.18\framework\web\CBaseController.php(95): CBaseController->renderInternal()
#18 C:\yii-1.1.18\framework\web\CController.php(872): CBaseController->renderFile()
#19 C:\yii-1.1.18\framework\web\CController.php(785): CController->renderPartial()
#20 E:\yii-employeedirectry\protected\controllers\EmployeeController.php(142): CController->render()
#21 C:\yii-1.1.18\framework\web\actions\CInlineAction.php(49): EmployeeController->actionAdmin()
#22 C:\yii-1.1.18\framework\web\CController.php(308): CInlineAction->runWithParams()
#23 C:\yii-1.1.18\framework\web\filters\CFilterChain.php(134): CController->runAction()
#24 C:\yii-1.1.18\framework\web\filters\CFilter.php(40): CFilterChain->run()
#25 C:\yii-1.1.18\framework\web\CController.php(1148): CFilter->filter()
#26 C:\yii-1.1.18\framework\web\filters\CInlineFilter.php(58): CController->filterAccessControl()
#27 C:\yii-1.1.18\framework\web\filters\CFilterChain.php(131): CInlineFilter->filter()
#28 C:\yii-1.1.18\framework\web\CController.php(291): CFilterChain->run()
#29 C:\yii-1.1.18\framework\web\CController.php(265): CController->runActionWithFilters()
#30 C:\yii-1.1.18\framework\web\CWebApplication.php(282): CController->run()
#31 C:\yii-1.1.18\framework\web\CWebApplication.php(141): CWebApplication->runController()
#32 C:\yii-1.1.18\framework\base\CApplication.php(185): CWebApplication->processRequest()
#33 E:\yii-employeedirectry\index.php(13): CApplication->run()
#34 {main}
REQUEST_URI=/index.php?r=employee/admin
---
2025/09/06 07:05:56 [error] [exception.CException] CException: Property "Employee.Status" is not defined. in C:\yii-1.1.18\framework\base\CComponent.php:130
Stack trace:
#0 C:\yii-1.1.18\framework\db\ar\CActiveRecord.php(145): CComponent->__get()
#1 C:\yii-1.1.18\framework\web\helpers\CHtml.php(2747): CActiveRecord->__get()
#2 C:\yii-1.1.18\framework\web\helpers\CHtml.php(2470): CHtml::resolveValue()
#3 C:\yii-1.1.18\framework\web\helpers\CHtml.php(1540): CHtml::activeInputField()
#4 C:\yii-1.1.18\framework\zii\widgets\grid\CDataColumn.php(104): CHtml::activeTextField()
#5 C:\yii-1.1.18\framework\zii\widgets\grid\CGridColumn.php(253): CDataColumn->getFilterCellContent()
#6 C:\yii-1.1.18\framework\zii\widgets\grid\CGridColumn.php(119): CGridColumn->renderFilterCellContent()
#7 C:\yii-1.1.18\framework\zii\widgets\grid\CGridView.php(539): CGridColumn->renderFilterCell()
#8 C:\yii-1.1.18\framework\zii\widgets\grid\CGridView.php(517): CGridView->renderFilter()
#9 C:\yii-1.1.18\framework\zii\widgets\grid\CGridView.php(487): CGridView->renderTableHeader()
#10 C:\yii-1.1.18\framework\zii\widgets\CBaseListView.php(181): CGridView->renderItems()
#11 [internal function]: CBaseListView->renderSection()
#12 C:\yii-1.1.18\framework\zii\widgets\CBaseListView.php(164): preg_replace_callback()
#13 C:\yii-1.1.18\framework\zii\widgets\CBaseListView.php(149): CBaseListView->renderContent()
#14 C:\yii-1.1.18\framework\web\CBaseController.php(182): CBaseListView->run()
#15 E:\yii-employeedirectry\protected\views\employee\admin.php(44): CBaseController->widget()
#16 C:\yii-1.1.18\framework\web\CBaseController.php(126): require('E:\\yii-employee...')
#17 C:\yii-1.1.18\framework\web\CBaseController.php(95): CBaseController->renderInternal()
#18 C:\yii-1.1.18\framework\web\CController.php(872): CBaseController->renderFile()
#19 C:\yii-1.1.18\framework\web\CController.php(785): CController->renderPartial()
#20 E:\yii-employeedirectry\protected\controllers\EmployeeController.php(142): CController->render()
#21 C:\yii-1.1.18\framework\web\actions\CInlineAction.php(49): EmployeeController->actionAdmin()
#22 C:\yii-1.1.18\framework\web\CController.php(308): CInlineAction->runWithParams()
#23 C:\yii-1.1.18\framework\web\filters\CFilterChain.php(134): CController->runAction()
#24 C:\yii-1.1.18\framework\web\filters\CFilter.php(40): CFilterChain->run()
#25 C:\yii-1.1.18\framework\web\CController.php(1148): CFilter->filter()
#26 C:\yii-1.1.18\framework\web\filters\CInlineFilter.php(58): CController->filterAccessControl()
#27 C:\yii-1.1.18\framework\web\filters\CFilterChain.php(131): CInlineFilter->filter()
#28 C:\yii-1.1.18\framework\web\CController.php(291): CFilterChain->run()
#29 C:\yii-1.1.18\framework\web\CController.php(265): CController->runActionWithFilters()
#30 C:\yii-1.1.18\framework\web\CWebApplication.php(282): CController->run()
#31 C:\yii-1.1.18\framework\web\CWebApplication.php(141): CWebApplication->runController()
#32 C:\yii-1.1.18\framework\base\CApplication.php(185): CWebApplication->processRequest()
#33 E:\yii-employeedirectry\index.php(13): CApplication->run()
#34 {main}
REQUEST_URI=/index.php?r=employee/admin
---
2025/09/06 07:10:44 [error] [php] Undefined variable: departmentList (E:\yii-employeedirectry\protected\views\employee\_form.php:67)
Stack trace:
#0 C:\yii-1.1.18\framework\web\CController.php(872): EmployeeController->renderFile()
#1 E:\yii-employeedirectry\protected\views\employee\create.php(18): EmployeeController->renderPartial()
#2 C:\yii-1.1.18\framework\web\CBaseController.php(126): require()
#3 C:\yii-1.1.18\framework\web\CBaseController.php(95): EmployeeController->renderInternal()
#4 C:\yii-1.1.18\framework\web\CController.php(872): EmployeeController->renderFile()
#5 C:\yii-1.1.18\framework\web\CController.php(785): EmployeeController->renderPartial()
#6 E:\yii-employeedirectry\protected\controllers\EmployeeController.php(83): EmployeeController->render()
#7 C:\yii-1.1.18\framework\web\actions\CInlineAction.php(49): EmployeeController->actionCreate()
#8 C:\yii-1.1.18\framework\web\CController.php(308): CInlineAction->runWithParams()
#9 C:\yii-1.1.18\framework\web\filters\CFilterChain.php(134): EmployeeController->runAction()
#10 C:\yii-1.1.18\framework\web\filters\CFilter.php(40): CFilterChain->run()
#11 C:\yii-1.1.18\framework\web\CController.php(1148): CAccessControlFilter->filter()
#12 C:\yii-1.1.18\framework\web\filters\CInlineFilter.php(58): EmployeeController->filterAccessControl()
#13 C:\yii-1.1.18\framework\web\filters\CFilterChain.php(131): CInlineFilter->filter()
#14 C:\yii-1.1.18\framework\web\CController.php(291): CFilterChain->run()
#15 C:\yii-1.1.18\framework\web\CController.php(265): EmployeeController->runActionWithFilters()
#16 C:\yii-1.1.18\framework\web\CWebApplication.php(282): EmployeeController->run()
#17 C:\yii-1.1.18\framework\web\CWebApplication.php(141): CWebApplication->runController()
#18 C:\yii-1.1.18\framework\base\CApplication.php(185): CWebApplication->processRequest()
#19 E:\yii-employeedirectry\index.php(13): CWebApplication->run()
REQUEST_URI=/index.php?r=employee/create
in E:\yii-employeedirectry\protected\views\employee\_form.php (67)
in E:\yii-employeedirectry\protected\views\employee\create.php (18)
in E:\yii-employeedirectry\protected\controllers\EmployeeController.php (83)
2025/09/06 07:12:55 [error] [php] Undefined variable: departmentList (E:\yii-employeedirectry\protected\views\employee\_form.php:68)
Stack trace:
#0 C:\yii-1.1.18\framework\web\CController.php(872): EmployeeController->renderFile()
#1 E:\yii-employeedirectry\protected\views\employee\create.php(18): EmployeeController->renderPartial()
#2 C:\yii-1.1.18\framework\web\CBaseController.php(126): require()
#3 C:\yii-1.1.18\framework\web\CBaseController.php(95): EmployeeController->renderInternal()
#4 C:\yii-1.1.18\framework\web\CController.php(872): EmployeeController->renderFile()
#5 C:\yii-1.1.18\framework\web\CController.php(785): EmployeeController->renderPartial()
#6 E:\yii-employeedirectry\protected\controllers\EmployeeController.php(83): EmployeeController->render()
#7 C:\yii-1.1.18\framework\web\actions\CInlineAction.php(49): EmployeeController->actionCreate()
#8 C:\yii-1.1.18\framework\web\CController.php(308): CInlineAction->runWithParams()
#9 C:\yii-1.1.18\framework\web\filters\CFilterChain.php(134): EmployeeController->runAction()
#10 C:\yii-1.1.18\framework\web\filters\CFilter.php(40): CFilterChain->run()
#11 C:\yii-1.1.18\framework\web\CController.php(1148): CAccessControlFilter->filter()
#12 C:\yii-1.1.18\framework\web\filters\CInlineFilter.php(58): EmployeeController->filterAccessControl()
#13 C:\yii-1.1.18\framework\web\filters\CFilterChain.php(131): CInlineFilter->filter()
#14 C:\yii-1.1.18\framework\web\CController.php(291): CFilterChain->run()
#15 C:\yii-1.1.18\framework\web\CController.php(265): EmployeeController->runActionWithFilters()
#16 C:\yii-1.1.18\framework\web\CWebApplication.php(282): EmployeeController->run()
#17 C:\yii-1.1.18\framework\web\CWebApplication.php(141): CWebApplication->runController()
#18 C:\yii-1.1.18\framework\base\CApplication.php(185): CWebApplication->processRequest()
#19 E:\yii-employeedirectry\index.php(13): CWebApplication->run()
REQUEST_URI=/index.php?r=employee/create
in E:\yii-employeedirectry\protected\views\employee\_form.php (68)
in E:\yii-employeedirectry\protected\views\employee\create.php (18)
in E:\yii-employeedirectry\protected\controllers\EmployeeController.php (83)
2025/09/06 07:14:57 [error] [php] Undefined variable: departmentList (E:\yii-employeedirectry\protected\views\employee\_form.php:65)
Stack trace:
#0 C:\yii-1.1.18\framework\web\CController.php(872): EmployeeController->renderFile()
#1 E:\yii-employeedirectry\protected\views\employee\create.php(18): EmployeeController->renderPartial()
#2 C:\yii-1.1.18\framework\web\CBaseController.php(126): require()
#3 C:\yii-1.1.18\framework\web\CBaseController.php(95): EmployeeController->renderInternal()
#4 C:\yii-1.1.18\framework\web\CController.php(872): EmployeeController->renderFile()
#5 C:\yii-1.1.18\framework\web\CController.php(785): EmployeeController->renderPartial()
#6 E:\yii-employeedirectry\protected\controllers\EmployeeController.php(83): EmployeeController->render()
#7 C:\yii-1.1.18\framework\web\actions\CInlineAction.php(49): EmployeeController->actionCreate()
#8 C:\yii-1.1.18\framework\web\CController.php(308): CInlineAction->runWithParams()
#9 C:\yii-1.1.18\framework\web\filters\CFilterChain.php(134): EmployeeController->runAction()
#10 C:\yii-1.1.18\framework\web\filters\CFilter.php(40): CFilterChain->run()
#11 C:\yii-1.1.18\framework\web\CController.php(1148): CAccessControlFilter->filter()
#12 C:\yii-1.1.18\framework\web\filters\CInlineFilter.php(58): EmployeeController->filterAccessControl()
#13 C:\yii-1.1.18\framework\web\filters\CFilterChain.php(131): CInlineFilter->filter()
#14 C:\yii-1.1.18\framework\web\CController.php(291): CFilterChain->run()
#15 C:\yii-1.1.18\framework\web\CController.php(265): EmployeeController->runActionWithFilters()
#16 C:\yii-1.1.18\framework\web\CWebApplication.php(282): EmployeeController->run()
#17 C:\yii-1.1.18\framework\web\CWebApplication.php(141): CWebApplication->runController()
#18 C:\yii-1.1.18\framework\base\CApplication.php(185): CWebApplication->processRequest()
#19 E:\yii-employeedirectry\index.php(13): CWebApplication->run()
REQUEST_URI=/index.php?r=employee/create
in E:\yii-employeedirectry\protected\views\employee\_form.php (65)
in E:\yii-employeedirectry\protected\views\employee\create.php (18)
in E:\yii-employeedirectry\protected\controllers\EmployeeController.php (83)
2025/09/06 07:15:22 [error] [php] Undefined variable: departmentList (E:\yii-employeedirectry\protected\views\employee\_form.php:65)
Stack trace:
#0 C:\yii-1.1.18\framework\web\CController.php(872): EmployeeController->renderFile()
#1 E:\yii-employeedirectry\protected\views\employee\create.php(18): EmployeeController->renderPartial()
#2 C:\yii-1.1.18\framework\web\CBaseController.php(126): require()
#3 C:\yii-1.1.18\framework\web\CBaseController.php(95): EmployeeController->renderInternal()
#4 C:\yii-1.1.18\framework\web\CController.php(872): EmployeeController->renderFile()
#5 C:\yii-1.1.18\framework\web\CController.php(785): EmployeeController->renderPartial()
#6 E:\yii-employeedirectry\protected\controllers\EmployeeController.php(83): EmployeeController->render()
#7 C:\yii-1.1.18\framework\web\actions\CInlineAction.php(49): EmployeeController->actionCreate()
#8 C:\yii-1.1.18\framework\web\CController.php(308): CInlineAction->runWithParams()
#9 C:\yii-1.1.18\framework\web\filters\CFilterChain.php(134): EmployeeController->runAction()
#10 C:\yii-1.1.18\framework\web\filters\CFilter.php(40): CFilterChain->run()
#11 C:\yii-1.1.18\framework\web\CController.php(1148): CAccessControlFilter->filter()
#12 C:\yii-1.1.18\framework\web\filters\CInlineFilter.php(58): EmployeeController->filterAccessControl()
#13 C:\yii-1.1.18\framework\web\filters\CFilterChain.php(131): CInlineFilter->filter()
#14 C:\yii-1.1.18\framework\web\CController.php(291): CFilterChain->run()
#15 C:\yii-1.1.18\framework\web\CController.php(265): EmployeeController->runActionWithFilters()
#16 C:\yii-1.1.18\framework\web\CWebApplication.php(282): EmployeeController->run()
#17 C:\yii-1.1.18\framework\web\CWebApplication.php(141): CWebApplication->runController()
#18 C:\yii-1.1.18\framework\base\CApplication.php(185): CWebApplication->processRequest()
#19 E:\yii-employeedirectry\index.php(13): CWebApplication->run()
REQUEST_URI=/index.php?r=employee/create
in E:\yii-employeedirectry\protected\views\employee\_form.php (65)
in E:\yii-employeedirectry\protected\views\employee\create.php (18)
in E:\yii-employeedirectry\protected\controllers\EmployeeController.php (83)
2025/09/06 07:18:16 [error] [system.db.CDbCommand] CDbCommand::execute() failed: SQLSTATE[22007]: Invalid datetime format: 1292 Incorrect date value: '01-01-2025' for column 'HireDate' at row 1. The SQL statement executed was: INSERT INTO `employee` (`status`, `FirstName`, `LastName`, `Email`, `PhoneNumber`, `HireDate`, `JobTitle`, `Salary`, `DepartmentID`) VALUES (:yp0, :yp1, :yp2, :yp3, :yp4, :yp5, :yp6, :yp7, :yp8).
in E:\yii-employeedirectry\protected\controllers\EmployeeController.php (77)
in E:\yii-employeedirectry\index.php (13)
2025/09/06 07:18:16 [error] [exception.CDbException] CDbException: CDbCommand failed to execute the SQL statement: SQLSTATE[22007]: Invalid datetime format: 1292 Incorrect date value: '01-01-2025' for column 'HireDate' at row 1. The SQL statement executed was: INSERT INTO `employee` (`status`, `FirstName`, `LastName`, `Email`, `PhoneNumber`, `HireDate`, `JobTitle`, `Salary`, `DepartmentID`) VALUES (:yp0, :yp1, :yp2, :yp3, :yp4, :yp5, :yp6, :yp7, :yp8) in C:\yii-1.1.18\framework\db\CDbCommand.php:358
Stack trace:
#0 C:\yii-1.1.18\framework\db\ar\CActiveRecord.php(1083): CDbCommand->execute()
#1 C:\yii-1.1.18\framework\db\ar\CActiveRecord.php(811): CActiveRecord->insert()
#2 E:\yii-employeedirectry\protected\controllers\EmployeeController.php(77): CActiveRecord->save()
#3 C:\yii-1.1.18\framework\web\actions\CInlineAction.php(49): EmployeeController->actionCreate()
#4 C:\yii-1.1.18\framework\web\CController.php(308): CInlineAction->runWithParams()
#5 C:\yii-1.1.18\framework\web\filters\CFilterChain.php(134): CController->runAction()
#6 C:\yii-1.1.18\framework\web\filters\CFilter.php(40): CFilterChain->run()
#7 C:\yii-1.1.18\framework\web\CController.php(1148): CFilter->filter()
#8 C:\yii-1.1.18\framework\web\filters\CInlineFilter.php(58): CController->filterAccessControl()
#9 C:\yii-1.1.18\framework\web\filters\CFilterChain.php(131): CInlineFilter->filter()
#10 C:\yii-1.1.18\framework\web\CController.php(291): CFilterChain->run()
#11 C:\yii-1.1.18\framework\web\CController.php(265): CController->runActionWithFilters()
#12 C:\yii-1.1.18\framework\web\CWebApplication.php(282): CController->run()
#13 C:\yii-1.1.18\framework\web\CWebApplication.php(141): CWebApplication->runController()
#14 C:\yii-1.1.18\framework\base\CApplication.php(185): CWebApplication->processRequest()
#15 E:\yii-employeedirectry\index.php(13): CApplication->run()
#16 {main}
REQUEST_URI=/index.php?r=employee/create
HTTP_REFERER=http://localhost:8080/index.php?r=employee/create
---
